Feb 12, 2012 12:35:55 AM org.apache.catalina.core.StandardContext start
INFO: Container org.apache.catalina.core.ContainerBase.[Catalina].[localhost].[/SkybandWeb] has already been started
Feb 12, 2012 1:08:28 AM org.apache.catalina.loader.WebappClassLoader clearThreadLocalMap
SEVERE: The web application [/SkybandWeb] created a ThreadLocal with key of type [com.google.gdata.util.common.base.UnicodeEscaper$2] (value [com.google.gdata.util.common.base.UnicodeEscaper$2@242219b4]) and a value of type [char[]] (value [[C@3ac58af4]) but failed to remove it when the web application was stopped. This is very likely to create a memory leak.
Feb 12, 2012 1:15:55 AM org.apache.catalina.loader.WebappClassLoader clearThreadLocalMap
SEVERE: The web application [/SkybandWeb] created a ThreadLocal with key of type [com.google.gdata.util.common.base.UnicodeEscaper$2] (value [com.google.gdata.util.common.base.UnicodeEscaper$2@3432a325]) and a value of type [char[]] (value [[C@6874ece8]) but failed to remove it when the web application was stopped. This is very likely to create a memory leak.
Feb 12, 2012 1:22:15 AM org.apache.catalina.loader.WebappClassLoader clearThreadLocalMap
SEVERE: The web application [/SkybandWeb] created a ThreadLocal with key of type [com.google.gdata.util.common.base.UnicodeEscaper$2] (value [com.google.gdata.util.common.base.UnicodeEscaper$2@79f1a8a]) and a value of type [char[]] (value [[C@5e875dee]) but failed to remove it when the web application was stopped. This is very likely to create a memory leak.
Feb 12, 2012 2:26:34 AM org.apache.catalina.loader.WebappClassLoader clearThreadLocalMap
SEVERE: The web application [/SkybandWeb] created a ThreadLocal with key of type [com.google.gdata.util.common.base.UnicodeEscaper$2] (value [com.google.gdata.util.common.base.UnicodeEscaper$2@5437086a]) and a value of type [char[]] (value [[C@69099257]) but failed to remove it when the web application was stopped. This is very likely to create a memory leak.
Feb 12, 2012 2:29:26 AM org.apache.coyote.http11.Http11Protocol pause
INFO: Pausing Coyote HTTP/1.1 on http-8080
Feb 12, 2012 2:29:27 AM org.apache.catalina.core.StandardService stop
INFO: Stopping service Catalina
Feb 12, 2012 2:29:27 AM org.apache.catalina.loader.WebappClassLoader clearReferencesJdbc
SEVERE: The web application [/Photos] registered the JDBC driver [com.mysql.jdbc.Driver] but failed to unregister it when the web application was stopped. To prevent a memory leak, the JDBC Driver has been forcibly unregistered.
Feb 12, 2012 2:29:28 AM org.apache.catalina.loader.WebappClassLoader clearThreadLocalMap
SEVERE: The web application [/SkybandWeb] created a ThreadLocal with key of type [com.google.gdata.util.common.base.UnicodeEscaper$2] (value [com.google.gdata.util.common.base.UnicodeEscaper$2@334021a9]) and a value of type [char[]] (value [[C@3761f888]) but failed to remove it when the web application was stopped. This is very likely to create a memory leak.
Feb 12, 2012 2:29:28 AM org.apache.coyote.http11.Http11Protocol destroy
INFO: Stopping Coyote HTTP/1.1 on http-8080
